<?xml version="1.0" encoding="UTF-8"?>
<!-- Generated by org.testng.reporters.JUnitReportReporter -->
<testsuite skipped="0" hostname="Dell-PC" name="test.BeforeClassandAfterclass" tests="1" failures="0" timestamp="30 Jun 2020 01:32:51 GMT" time="0.010" errors="0">
  <testcase name="beforeclassmethod" time="0.010" classname="test.BeforeClassandAfterclass"/>
</testsuite> <!-- test.BeforeClassandAfterclass -->
