<?xml version="1.0" encoding="UTF-8"?>
<!-- Generated by org.testng.reporters.JUnitReportReporter -->
<testsuite skipped="0" hostname="Dell-PC" name="test.BeforesuitandAftersuit" tests="1" failures="0" timestamp="30 Jun 2020 01:32:51 GMT" time="0.001" errors="0">
  <testcase name="suitmethod" time="0.001" classname="test.BeforesuitandAftersuit"/>
</testsuite> <!-- test.BeforesuitandAftersuit -->
