<?xml version="1.0" encoding="UTF-8"?>
<!-- Generated by org.testng.reporters.JUnitReportReporter -->
<testsuite skipped="0" hostname="Dell-PC" name="test.BeforeTestandAfterTest" tests="1" failures="0" timestamp="30 Jun 2020 01:32:51 GMT" time="0.002" errors="0">
  <testcase name="befretestmethod" time="0.002" classname="test.BeforeTestandAfterTest"/>
</testsuite> <!-- test.BeforeTestandAfterTest -->
