<?xml version="1.0" encoding="UTF-8"?>
<!-- Generated by org.testng.reporters.JUnitReportReporter -->
<testsuite skipped="0" hostname="Dell-PC" name="test.Testcase5" tests="2" failures="0" timestamp="30 Jun 2020 02:24:32 GMT" time="0.021" errors="0">
  <testcase name="mobilemethod" time="0.018" classname="test.Testcase5"/>
  <testcase name="Webmethod" time="0.003" classname="test.Testcase5"/>
</testsuite> <!-- test.Testcase5 -->
