<?xml version="1.0" encoding="UTF-8"?>
<!-- Generated by org.testng.reporters.JUnitReportReporter -->
<testsuite skipped="0" hostname="Dell-PC" name="test.Testcase8" tests="1" failures="0" timestamp="2 Jul 2020 04:59:59 GMT" time="0.014" errors="0">
  <testcase name="maven" time="0.014" classname="test.Testcase8"/>
</testsuite> <!-- test.Testcase8 -->
