<?xml version="1.0" encoding="UTF-8"?>
<!-- Generated by org.testng.reporters.JUnitReportReporter -->
<testsuite skipped="1" hostname="Dell-PC" name="test.Testcase7" tests="5" failures="0" timestamp="1 Jul 2020 02:59:35 GMT" time="0.031" errors="1">
  <testcase name="test2" time="0.000" classname="test.Testcase7"/>
  <testcase name="test5" time="0.000" classname="test.Testcase7">
    <skipped/>
  </testcase> <!-- test5 -->
  <testcase name="test3" time="0.000" classname="test.Testcase7"/>
  <testcase name="test4" time="0.011" classname="test.Testcase7">
    <error type="java.lang.ArithmeticException" message="/ by zero">
      <![CDATA[java.lang.ArithmeticException: / by zero
	at test.Testcase7.test4(Testcase7.java:17)
	at sun.reflect.NativeMethodAccessorImpl.invoke0(Native Method)
	at sun.reflect.NativeMethodAccessorImpl.invoke(Unknown Source)
	at sun.reflect.DelegatingMethodAccessorImpl.invoke(Unknown Source)
	at java.lang.reflect.Method.invoke(Unknown Source)
	at org.testng.internal.MethodInvocationHelper.invokeMethod(MethodInvocationHelper.java:100)
	at org.testng.internal.InvokeMethodRunnable.runOne(InvokeMethodRunnable.java:54)
	at org.testng.internal.InvokeMethodRunnable.run(InvokeMethodRunnable.java:44)
	at java.util.concurrent.Executors$RunnableAdapter.call(Unknown Source)
	at java.util.concurrent.FutureTask.run(Unknown Source)
	at java.util.concurrent.ThreadPoolExecutor.runWorker(Unknown Source)
	at java.util.concurrent.ThreadPoolExecutor$Worker.run(Unknown Source)
	at java.lang.Thread.run(Unknown Source)
]]>
    </error>
  </testcase> <!-- test4 -->
  <testcase name="test1" time="0.020" classname="test.Testcase7"/>
</testsuite> <!-- test.Testcase7 -->
