<?xml version="1.0" encoding="UTF-8"?>
<!-- Generated by org.testng.reporters.JUnitReportReporter -->
<testsuite skipped="0" hostname="Dell-PC" name="test.Testcase6" tests="2" failures="0" timestamp="30 Jun 2020 03:36:37 GMT" time="0.047" errors="0">
  <testcase name="regression" time="0.047" classname="test.Testcase6"/>
  <testcase name="smoke" time="0.000" classname="test.Testcase6"/>
</testsuite> <!-- test.Testcase6 -->
