<?xml version="1.0" encoding="UTF-8"?>
<!-- Generated by org.testng.reporters.JUnitReportReporter -->
<testsuite skipped="0" hostname="Dell-PC" name="test.Dataprovider" tests="2" failures="0" timestamp="30 Jun 2020 15:31:31 GMT" time="0.034" errors="0">
  <testcase name="provider" time="0.029" classname="test.Dataprovider"/>
  <testcase name="provider" time="0.005" classname="test.Dataprovider"/>
</testsuite> <!-- test.Dataprovider -->
