<?xml version="1.0" encoding="UTF-8"?>
<!-- Generated by org.testng.reporters.JUnitReportReporter -->
<testsuite skipped="0" hostname="Dell-PC" name="test.Testcase8" tests="1" failures="0" timestamp="2020-07-02T20:30:54 IST" time="0.018" errors="0">
  <testcase name="maven" time="0.018" classname="test.Testcase8"/>
  <system-out/>
</testsuite> <!-- test.Testcase8 -->
